  Window.cpp
D:\VisualStudio\Projects\KolaEblan\Forest\KolaEblan\Window.cpp(21,15): warning C4244: аргумент: преобразование "time_t" в "unsigned int", возможна потеря данных
D:\VisualStudio\Projects\KolaEblan\Forest\KolaEblan\Window.cpp(58,83): warning C4244: аргумент: преобразование "T" в "T", возможна потеря данных
          with
          [
              T=unsigned int
          ]
          and
          [
              T=float
          ]
D:\VisualStudio\Projects\KolaEblan\Forest\KolaEblan\Window.cpp(58,62): warning C4244: аргумент: преобразование "T" в "T", возможна потеря данных
          with
          [
              T=unsigned int
          ]
          and
          [
              T=float
          ]
D:\VisualStudio\Projects\KolaEblan\Forest\KolaEblan\Window.cpp(62,81): warning C4244: аргумент: преобразование "T" в "T", возможна потеря данных
          with
          [
              T=unsigned int
          ]
          and
          [
              T=float
          ]
D:\VisualStudio\Projects\KolaEblan\Forest\KolaEblan\Window.cpp(62,60): warning C4244: аргумент: преобразование "T" в "T", возможна потеря данных
          with
          [
              T=unsigned int
          ]
          and
          [
              T=float
          ]
  KolaEblan.vcxproj -> D:\VisualStudio\Projects\KolaEblan\Forest\x64\Debug\KolaEblan.exe
